<?xml version="1.0"?>
<ARTMAS07>
   <IDOC BEGIN="1">
      <EDI_DC40 SEGMENT="1">
         <TABNAM><![CDATA[EDI_DC40]]></TABNAM>
         <MANDT>701</MANDT>
         <DOCNUM>0000001352676143</DOCNUM>
         <DOCREL>740</DOCREL>
         <STATUS>30</STATUS>
         <DIRECT>1</DIRECT>
         <OUTMOD>2</OUTMOD>
         <IDOCTYP>ARTMAS07</IDOCTYP>
         <MESTYP>ARTMAS</MESTYP>
         <SNDPOR>SAPCCR</SNDPOR>
         <SNDPRT>LS</SNDPRT>
         <SNDPRN>CCRM701</SNDPRN>
         <RCVPOR>TESTFOUT</RCVPOR>
         <RCVPRT>LS</RCVPRT>
         <RCVPRN>CCRM701HUB</RCVPRN>
         <CREDAT>20150813</CREDAT>
         <CRETIM>085748</CRETIM>
         <SERIAL>20150813085748</SERIAL>
      </EDI_DC40>
      <E1BPE1MATHEAD SEGMENT="1">
         <MATERIAL>000000000003051918</MATERIAL>
         <MATL_TYPE>FRIP</MATL_TYPE>
         <MATL_GROUP>2283</MATL_GROUP>
         <MATL_CAT>00</MATL_CAT>
         <BASIC_VIEW>X</BASIC_VIEW>
         <LIST_VIEW>X</LIST_VIEW>
         <SALES_VIEW>X</SALES_VIEW>
         <LOGDC_VIEW>X</LOGDC_VIEW>
         <LOGST_VIEW>X</LOGST_VIEW>
         <POS_VIEW>X</POS_VIEW>
      </E1BPE1MATHEAD>
      <E1BPE1AUSPRT SEGMENT="1">
         <FUNCTION>005</FUNCTION>
         <MATERIAL>000000000003051918</MATERIAL>
         <CHAR_NAME>W117</CHAR_NAME>
         <CHAR_VALUE>004</CHAR_VALUE>
      </E1BPE1AUSPRT>
      <E1BPE1AUSPRT SEGMENT="1">
         <FUNCTION>005</FUNCTION>
         <MATERIAL>000000000003051918</MATERIAL>
         <CHAR_NAME>W232</CHAR_NAME>
         <CHAR_VALUE>398</CHAR_VALUE>
      </E1BPE1AUSPRT>
      <E1BPE1AUSPRT SEGMENT="1">
         <FUNCTION>005</FUNCTION>
         <MATERIAL>000000000003051918</MATERIAL>
         <CHAR_NAME>W008</CHAR_NAME>
         <CHAR_VALUE>30 Tag</CHAR_VALUE>
      </E1BPE1AUSPRT>
   </IDOC>
</ARTMAS07>